<?xml version="1.0" encoding="UTF-8"?>
<testng-results ignored="0" total="2" passed="2" failed="0" skipped="0">
  <reporter-output>
  </reporter-output>
  <suite started-at="2024-11-30T19:54:45 IST" name="Suite" finished-at="2024-11-30T19:55:03 IST" duration-ms="18481">
    <groups>
      <group name="regression">
        <method signature="TC_002_Login.verifyLoggedin()[pri:0, instance:testClass.TC_002_Login@54107f42]" name="verifyLoggedin" class="testClass.TC_002_Login"/>
      </group> <!-- regression -->
      <group name="sanity">
        <method signature="TC_001_Registration.verifyregistration()[pri:0, instance:testClass.TC_001_Registration@2a2da905]" name="verifyregistration" class="testClass.TC_001_Registration"/>
      </group> <!-- sanity -->
    </groups>
    <test started-at="2024-11-30T19:54:45 IST" name="Test" finished-at="2024-11-30T19:55:03 IST" duration-ms="18481">
      <class name="testClass.TC_002_Login">
        <test-method is-config="true" signature="setup(java.lang.String,java.lang.String)[pri:0, instance:testClass.TC_002_Login@54107f42]" started-at="2024-11-30T19:54:55 IST" name="setup" finished-at="2024-11-30T19:54:57 IST" duration-ms="1808" status="PASS">
          <params>
            <param index="0">
              <value>
                <![CDATA[chrome]]>
              </value>
            </param>
            <param index="1">
              <value>
                <![CDATA[windows]]>
              </value>
            </param>
          </params>
          <reporter-output>
          </reporter-output>
        </test-method> <!-- setup -->
        <test-method signature="verifyLoggedin()[pri:0, instance:testClass.TC_002_Login@54107f42]" started-at="2024-11-30T19:54:57 IST" name="verifyLoggedin" finished-at="2024-11-30T19:55:01 IST" duration-ms="3993" status="PASS">
          <reporter-output>
          </reporter-output>
        </test-method> <!-- verifyLoggedin -->
        <test-method is-config="true" signature="tearDown()[pri:0, instance:testClass.TC_002_Login@54107f42]" started-at="2024-11-30T19:55:01 IST" name="tearDown" finished-at="2024-11-30T19:55:03 IST" duration-ms="2102" status="PASS">
          <reporter-output>
          </reporter-output>
        </test-method> <!-- tearDown -->
      </class> <!-- testClass.TC_002_Login -->
      <class name="testClass.TC_001_Registration">
        <test-method is-config="true" signature="setup(java.lang.String,java.lang.String)[pri:0, instance:testClass.TC_001_Registration@2a2da905]" started-at="2024-11-30T19:54:45 IST" name="setup" finished-at="2024-11-30T19:54:48 IST" duration-ms="3277" status="PASS">
          <params>
            <param index="0">
              <value>
                <![CDATA[chrome]]>
              </value>
            </param>
            <param index="1">
              <value>
                <![CDATA[windows]]>
              </value>
            </param>
          </params>
          <reporter-output>
          </reporter-output>
        </test-method> <!-- setup -->
        <test-method signature="verifyregistration()[pri:0, instance:testClass.TC_001_Registration@2a2da905]" started-at="2024-11-30T19:54:48 IST" name="verifyregistration" finished-at="2024-11-30T19:54:53 IST" duration-ms="4991" status="PASS">
          <reporter-output>
          </reporter-output>
        </test-method> <!-- verifyregistration -->
        <test-method is-config="true" signature="tearDown()[pri:0, instance:testClass.TC_001_Registration@2a2da905]" started-at="2024-11-30T19:54:53 IST" name="tearDown" finished-at="2024-11-30T19:54:55 IST" duration-ms="2103" status="PASS">
          <reporter-output>
          </reporter-output>
        </test-method> <!-- tearDown -->
      </class> <!-- testClass.TC_001_Registration -->
    </test> <!-- Test -->
  </suite> <!-- Suite -->
</testng-results>
