<?xml version="1.0" encoding="UTF-8"?>
<!-- Generated by org.testng.reporters.JUnitXMLReporter -->
<testsuite ignored="2" hostname="VR" failures="0" tests="1" name="Test" time="11.087" errors="0" timestamp="2024-12-01T18:54:21 IST">
  <testcase classname="testClass.TC_001_Registration" name="verifyregistration" time="5.594"/>
  <testcase classname="testClass.TC_002_Login" name="verifyLoggedin" time="0.0">
    <ignored/>
  </testcase> <!-- verifyLoggedin -->
  <testcase classname="testClass.TC_003_LoginDDT" name="verifyloginDDT" time="0.0">
    <ignored/>
  </testcase> <!-- verifyloginDDT -->
</testsuite> <!-- Test -->
