<?xml version="1.0" encoding="UTF-8"?>
<!-- Generated by org.testng.reporters.JUnitXMLReporter -->
<testsuite ignored="0" hostname="VR" failures="2" tests="6" name="Test" time="66.646" errors="0" timestamp="2024-12-01T22:17:43 IST">
  <testcase classname="testClass.TC_001_Registration" name="verifyregistration" time="4.964"/>
  <testcase classname="testClass.TC_002_Login" name="verifyLoggedin" time="3.569"/>
  <testcase classname="testClass.TC_003_LoginDDT" name="verifyloginDDT" time="18.448">
    <failure type="java.lang.AssertionError" message="null">
      <![CDATA[java.lang.AssertionError: null
at testClass.TC_003_LoginDDT.verifyloginDDT(TC_003_LoginDDT.java:66)
at java.base/java.util.ArrayList.forEach(ArrayList.java:1511)
... Removed 33 stack frames]]>
    </failure>
  </testcase> <!-- verifyloginDDT -->
  <testcase classname="testClass.TC_003_LoginDDT" name="verifyloginDDT" time="3.64"/>
  <testcase classname="testClass.TC_003_LoginDDT" name="verifyloginDDT" time="18.198">
    <failure type="java.lang.AssertionError" message="null">
      <![CDATA[java.lang.AssertionError: null
at testClass.TC_003_LoginDDT.verifyloginDDT(TC_003_LoginDDT.java:66)
at java.base/java.util.ArrayList.forEach(ArrayList.java:1511)
... Removed 33 stack frames]]>
    </failure>
  </testcase> <!-- verifyloginDDT -->
  <testcase classname="testClass.TC_003_LoginDDT" name="verifyloginDDT" time="3.619"/>
</testsuite> <!-- Test -->
