<?xml version="1.0" encoding="UTF-8"?>
<testng-results ignored="0" total="1" passed="1" failed="0" skipped="0">
  <reporter-output>
  </reporter-output>
  <suite started-at="2024-12-01T18:51:59 IST" name="Suite" finished-at="2024-12-01T18:52:14 IST" duration-ms="14411">
    <groups>
      <group name="sanity">
        <method signature="TC_001_Registration.verifyregistration()[pri:0, instance:testClass.TC_001_Registration@7bb6ab3a]" name="verifyregistration" class="testClass.TC_001_Registration"/>
      </group> <!-- sanity -->
    </groups>
    <test started-at="2024-12-01T18:51:59 IST" name="Test" finished-at="2024-12-01T18:52:14 IST" duration-ms="14411">
      <class name="testClass.TC_001_Registration">
        <test-method is-config="true" signature="setup(java.lang.String,java.lang.String)[pri:0, instance:testClass.TC_001_Registration@7bb6ab3a]" started-at="2024-12-01T18:51:59 IST" name="setup" finished-at="2024-12-01T18:52:06 IST" duration-ms="6552" status="PASS">
          <params>
            <param index="0">
              <value>
                <![CDATA[chrome]]>
              </value>
            </param>
            <param index="1">
              <value>
                <![CDATA[windows]]>
              </value>
            </param>
          </params>
          <reporter-output>
          </reporter-output>
        </test-method> <!-- setup -->
        <test-method signature="verifyregistration()[pri:0, instance:testClass.TC_001_Registration@7bb6ab3a]" started-at="2024-12-01T18:52:06 IST" name="verifyregistration" finished-at="2024-12-01T18:52:11 IST" duration-ms="5702" status="PASS">
          <reporter-output>
          </reporter-output>
        </test-method> <!-- verifyregistration -->
        <test-method is-config="true" signature="tearDown()[pri:0, instance:testClass.TC_001_Registration@7bb6ab3a]" started-at="2024-12-01T18:52:11 IST" name="tearDown" finished-at="2024-12-01T18:52:14 IST" duration-ms="2103" status="PASS">
          <reporter-output>
          </reporter-output>
        </test-method> <!-- tearDown -->
      </class> <!-- testClass.TC_001_Registration -->
    </test> <!-- Test -->
  </suite> <!-- Suite -->
</testng-results>
