<?xml version="1.0" encoding="UTF-8"?>
<testng-results ignored="0" total="2" passed="2" failed="0" skipped="0">
  <reporter-output>
  </reporter-output>
  <suite started-at="2024-12-09T11:51:14 IST" name="mysuite" finished-at="2024-12-09T11:51:51 IST" duration-ms="36610">
    <groups>
      <group name="sanity">
        <method signature="TC_001_Registration.verifyregistration()[pri:0, instance:testClass.TC_001_Registration@cb191ca]" name="verifyregistration" class="testClass.TC_001_Registration"/>
        <method signature="TC_001_Registration.verifyregistration()[pri:0, instance:testClass.TC_001_Registration@306851c7]" name="verifyregistration" class="testClass.TC_001_Registration"/>
      </group> <!-- sanity -->
    </groups>
    <test started-at="2024-12-09T11:51:14 IST" name="chrometest" finished-at="2024-12-09T11:51:30 IST" duration-ms="16025">
      <class name="testClass.TC_001_Registration">
        <test-method is-config="true" signature="setup(java.lang.String,java.lang.String)[pri:0, instance:testClass.TC_001_Registration@cb191ca]" started-at="2024-12-09T11:51:14 IST" name="setup" finished-at="2024-12-09T11:51:22 IST" duration-ms="8015" status="PASS">
          <params>
            <param index="0">
              <value>
                <![CDATA[chrome]]>
              </value>
            </param>
            <param index="1">
              <value>
                <![CDATA[windows]]>
              </value>
            </param>
          </params>
          <reporter-output>
          </reporter-output>
        </test-method> <!-- setup -->
        <test-method signature="verifyregistration()[pri:0, instance:testClass.TC_001_Registration@cb191ca]" started-at="2024-12-09T11:51:22 IST" name="verifyregistration" finished-at="2024-12-09T11:51:28 IST" duration-ms="5792" status="PASS">
          <reporter-output>
          </reporter-output>
        </test-method> <!-- verifyregistration -->
        <test-method is-config="true" signature="tearDown()[pri:0, instance:testClass.TC_001_Registration@cb191ca]" started-at="2024-12-09T11:51:28 IST" name="tearDown" finished-at="2024-12-09T11:51:30 IST" duration-ms="2157" status="PASS">
          <reporter-output>
          </reporter-output>
        </test-method> <!-- tearDown -->
      </class> <!-- testClass.TC_001_Registration -->
    </test> <!-- chrometest -->
    <test started-at="2024-12-09T11:51:14 IST" name="edgetest" finished-at="2024-12-09T11:51:51 IST" duration-ms="36610">
      <class name="testClass.TC_001_Registration">
        <test-method is-config="true" signature="setup(java.lang.String,java.lang.String)[pri:0, instance:testClass.TC_001_Registration@306851c7]" started-at="2024-12-09T11:51:14 IST" name="setup" finished-at="2024-12-09T11:51:42 IST" duration-ms="28425" status="PASS">
          <params>
            <param index="0">
              <value>
                <![CDATA[edge]]>
              </value>
            </param>
            <param index="1">
              <value>
                <![CDATA[windows]]>
              </value>
            </param>
          </params>
          <reporter-output>
          </reporter-output>
        </test-method> <!-- setup -->
        <test-method signature="verifyregistration()[pri:0, instance:testClass.TC_001_Registration@306851c7]" started-at="2024-12-09T11:51:42 IST" name="verifyregistration" finished-at="2024-12-09T11:51:48 IST" duration-ms="5955" status="PASS">
          <reporter-output>
          </reporter-output>
        </test-method> <!-- verifyregistration -->
        <test-method is-config="true" signature="tearDown()[pri:0, instance:testClass.TC_001_Registration@306851c7]" started-at="2024-12-09T11:51:48 IST" name="tearDown" finished-at="2024-12-09T11:51:51 IST" duration-ms="2188" status="PASS">
          <reporter-output>
          </reporter-output>
        </test-method> <!-- tearDown -->
      </class> <!-- testClass.TC_001_Registration -->
    </test> <!-- edgetest -->
  </suite> <!-- mysuite -->
</testng-results>
